<?xml version="1.0" encoding="UTF-8"?>
<!-- Generated by org.testng.reporters.JUnitXMLReporter -->
<testsuite hostname="Admin-PC" ignored="0" name="Default test" tests="5" failures="0" timestamp="15 Oct 2022 11:35:16 GMT" time="128.031" errors="0">
  <testcase name="verifyUserPageLink_1" time="1.739" classname="allTests.DashboardTest_2"/>
  <testcase name="verifyAutomationAfterSelenium_2" time="0.675" classname="allTests.DashboardTest_2"/>
  <testcase name="verifySoftwareDevelopmentAfterJava_3" time="0.065" classname="allTests.DashboardTest_2"/>
  <testcase name="verifyDataScienceAfterPython_4" time="0.054" classname="allTests.DashboardTest_2"/>
  <testcase name="verifyWebDevelopmentAfterPhp_5" time="0.041" classname="allTests.DashboardTest_2"/>
</testsuite> <!-- Default test -->
